C:\Users\huynguyen\source\repos\TrainingApp\TraningApp.WebAPI\wwwroot\src\app\model\ResultBase.js
C:\Users\huynguyen\source\repos\TrainingApp\TraningApp.WebAPI\wwwroot\src\app\model\ResultBase.js.map
C:\Users\huynguyen\source\repos\TrainingApp\TraningApp.WebAPI\wwwroot\src\app\model\UserInfo.js
C:\Users\huynguyen\source\repos\TrainingApp\TraningApp.WebAPI\wwwroot\src\app\model\UserInfo.js.map
C:\Users\huynguyen\source\repos\TrainingApp\TraningApp.WebAPI\wwwroot\src\app\services\login.service.js
C:\Users\huynguyen\source\repos\TrainingApp\TraningApp.WebAPI\wwwroot\src\app\services\login.service.js.map
C:\Users\huynguyen\source\repos\TrainingApp\TraningApp.WebAPI\wwwroot\src\app\login\login.component.js
C:\Users\huynguyen\source\repos\TrainingApp\TraningApp.WebAPI\wwwroot\src\app\login\login.component.js.map
C:\Users\huynguyen\source\repos\TrainingApp\TraningApp.WebAPI\wwwroot\src\app\acount\acount.component.js
C:\Users\huynguyen\source\repos\TrainingApp\TraningApp.WebAPI\wwwroot\src\app\acount\acount.component.js.map
C:\Users\huynguyen\source\repos\TrainingApp\TraningApp.WebAPI\wwwroot\src\app\home\home.component.js
C:\Users\huynguyen\source\repos\TrainingApp\TraningApp.WebAPI\wwwroot\src\app\home\home.component.js.map
C:\Users\huynguyen\source\repos\TrainingApp\TraningApp.WebAPI\wwwroot\src\app\services\user.service.js
C:\Users\huynguyen\source\repos\TrainingApp\TraningApp.WebAPI\wwwroot\src\app\services\user.service.js.map
C:\Users\huynguyen\source\repos\TrainingApp\TraningApp.WebAPI\wwwroot\src\app\authorize\handleHttpResponse.js
C:\Users\huynguyen\source\repos\TrainingApp\TraningApp.WebAPI\wwwroot\src\app\authorize\handleHttpResponse.js.map
C:\Users\huynguyen\source\repos\TrainingApp\TraningApp.WebAPI\wwwroot\src\app\user\user.component.js
C:\Users\huynguyen\source\repos\TrainingApp\TraningApp.WebAPI\wwwroot\src\app\user\user.component.js.map
C:\Users\huynguyen\source\repos\TrainingApp\TraningApp.WebAPI\wwwroot\src\app\authorize\authorize.component.js
C:\Users\huynguyen\source\repos\TrainingApp\TraningApp.WebAPI\wwwroot\src\app\authorize\authorize.component.js.map
C:\Users\huynguyen\source\repos\TrainingApp\TraningApp.WebAPI\wwwroot\src\app\user\comparepassword.directive.component.js
C:\Users\huynguyen\source\repos\TrainingApp\TraningApp.WebAPI\wwwroot\src\app\user\comparepassword.directive.component.js.map
C:\Users\huynguyen\source\repos\TrainingApp\TraningApp.WebAPI\wwwroot\src\app\user\user-add.component.js
C:\Users\huynguyen\source\repos\TrainingApp\TraningApp.WebAPI\wwwroot\src\app\user\user-add.component.js.map
C:\Users\huynguyen\source\repos\TrainingApp\TraningApp.WebAPI\wwwroot\src\app\user\user-detail.component.js
C:\Users\huynguyen\source\repos\TrainingApp\TraningApp.WebAPI\wwwroot\src\app\user\user-detail.component.js.map
C:\Users\huynguyen\source\repos\TrainingApp\TraningApp.WebAPI\wwwroot\src\app\user\user-update.component.js
C:\Users\huynguyen\source\repos\TrainingApp\TraningApp.WebAPI\wwwroot\src\app\user\user-update.component.js.map
C:\Users\huynguyen\source\repos\TrainingApp\TraningApp.WebAPI\wwwroot\src\app\model\Post.js
C:\Users\huynguyen\source\repos\TrainingApp\TraningApp.WebAPI\wwwroot\src\app\model\Post.js.map
C:\Users\huynguyen\source\repos\TrainingApp\TraningApp.WebAPI\wwwroot\src\app\services\post.service.js
C:\Users\huynguyen\source\repos\TrainingApp\TraningApp.WebAPI\wwwroot\src\app\services\post.service.js.map
C:\Users\huynguyen\source\repos\TrainingApp\TraningApp.WebAPI\wwwroot\src\app\post\post.component.js
C:\Users\huynguyen\source\repos\TrainingApp\TraningApp.WebAPI\wwwroot\src\app\post\post.component.js.map
C:\Users\huynguyen\source\repos\TrainingApp\TraningApp.WebAPI\wwwroot\src\app\post\post-add.component.js
C:\Users\huynguyen\source\repos\TrainingApp\TraningApp.WebAPI\wwwroot\src\app\post\post-add.component.js.map
C:\Users\huynguyen\source\repos\TrainingApp\TraningApp.WebAPI\wwwroot\src\app\services\auth.service.js
C:\Users\huynguyen\source\repos\TrainingApp\TraningApp.WebAPI\wwwroot\src\app\services\auth.service.js.map
C:\Users\huynguyen\source\repos\TrainingApp\TraningApp.WebAPI\wwwroot\src\app\services\auth-guard.service.js
C:\Users\huynguyen\source\repos\TrainingApp\TraningApp.WebAPI\wwwroot\src\app\services\auth-guard.service.js.map
C:\Users\huynguyen\source\repos\TrainingApp\TraningApp.WebAPI\wwwroot\src\app\app-routing.module.js
C:\Users\huynguyen\source\repos\TrainingApp\TraningApp.WebAPI\wwwroot\src\app\app-routing.module.js.map
C:\Users\huynguyen\source\repos\TrainingApp\TraningApp.WebAPI\wwwroot\src\app\app.component.js
C:\Users\huynguyen\source\repos\TrainingApp\TraningApp.WebAPI\wwwroot\src\app\app.component.js.map
C:\Users\huynguyen\source\repos\TrainingApp\TraningApp.WebAPI\wwwroot\src\app\app.module.js
C:\Users\huynguyen\source\repos\TrainingApp\TraningApp.WebAPI\wwwroot\src\app\app.module.js.map
C:\Users\huynguyen\source\repos\TrainingApp\TraningApp.WebAPI\wwwroot\src\environments\environment.js
C:\Users\huynguyen\source\repos\TrainingApp\TraningApp.WebAPI\wwwroot\src\environments\environment.js.map
C:\Users\huynguyen\source\repos\TrainingApp\TraningApp.WebAPI\wwwroot\src\main.js
C:\Users\huynguyen\source\repos\TrainingApp\TraningApp.WebAPI\wwwroot\src\main.js.map
C:\Users\huynguyen\source\repos\TrainingApp\TraningApp.WebAPI\wwwroot\src\polyfills.js
C:\Users\huynguyen\source\repos\TrainingApp\TraningApp.WebAPI\wwwroot\src\polyfills.js.map
C:\Users\huynguyen\source\repos\TrainingApp\TraningApp.WebAPI\wwwroot\src\test.js
C:\Users\huynguyen\source\repos\TrainingApp\TraningApp.WebAPI\wwwroot\src\test.js.map
C:\Users\huynguyen\source\repos\TrainingApp\TraningApp.WebAPI\wwwroot\e2e\src\app.po.js
C:\Users\huynguyen\source\repos\TrainingApp\TraningApp.WebAPI\wwwroot\e2e\src\app.po.js.map
C:\Users\huynguyen\source\repos\TrainingApp\TraningApp.WebAPI\wwwroot\e2e\src\app.e2e-spec.js
C:\Users\huynguyen\source\repos\TrainingApp\TraningApp.WebAPI\wwwroot\e2e\src\app.e2e-spec.js.map
C:\Users\huynguyen\source\repos\TrainingApp\TraningApp.WebAPI\wwwroot\src\app\app.component.spec.js
C:\Users\huynguyen\source\repos\TrainingApp\TraningApp.WebAPI\wwwroot\src\app\app.component.spec.js.map
C:\Users\huynguyen\source\repos\TrainingApp\TraningApp.WebAPI\wwwroot\src\environments\environment.prod.js
C:\Users\huynguyen\source\repos\TrainingApp\TraningApp.WebAPI\wwwroot\src\environments\environment.prod.js.map
C:\Users\huynguyen\source\repos\TrainingApp\TraningApp.WebAPI\wwwroot\src\app\post\user-detail.component.js
C:\Users\huynguyen\source\repos\TrainingApp\TraningApp.WebAPI\wwwroot\src\app\post\user-detail.component.js.map
C:\Users\huynguyen\source\repos\TrainingApp\TraningApp.WebAPI\wwwroot\src\app\post\user-update.component.js
C:\Users\huynguyen\source\repos\TrainingApp\TraningApp.WebAPI\wwwroot\src\app\post\user-update.component.js.map
